<?xml version="1.0" encoding="UTF-8"?>
<testsuite xmlns:xsi="http://www.w3.org/2001/XMLSchema-instance" xsi:noNamespaceSchemaLocation="https://maven.apache.org/surefire/maven-surefire-plugin/xsd/surefire-test-report.xsd" name="Logic.Controller.ExpenseControllerTest" time="0.104" tests="20" errors="0" skipped="0" failures="0">
  <properties>
[...]
</properties>
  <testcase name="testProcessTransfer_Negative_AlreadyProcessedTransfer" classname="Logic.Controller.ExpenseControllerTest" time="0.046"/>
  <testcase name="testProcessTransfer_Negative_MemberNotInLog" classname="Logic.Controller.ExpenseControllerTest" time="0.001"/>
  <testcase name="testAddExpense_Negative_NoMemberWithID" classname="Logic.Controller.ExpenseControllerTest" time="0.005"/>
  <testcase name="testGetAllTransfers" classname="Logic.Controller.ExpenseControllerTest" time="0.001"/>
  <testcase name="testGetExpenses" classname="Logic.Controller.ExpenseControllerTest" time="0.001"/>
  <testcase name="testPaymentsToSettleDebts_UnendingDecimalDivision" classname="Logic.Controller.ExpenseControllerTest" time="0.002"/>
  <testcase name="testConstructor_WithVariables" classname="Logic.Controller.ExpenseControllerTest" time="0"/>
  <testcase name="testPayMember" classname="Logic.Controller.ExpenseControllerTest" time="0.001"/>
  <testcase name="testProcessTransfer_ExpenseTransfer" classname="Logic.Controller.ExpenseControllerTest" time="0.001"/>
  <testcase name="testPaymentsToSettleDebts_OnePayer" classname="Logic.Controller.ExpenseControllerTest" time="0"/>
  <testcase name="testAddExpense" classname="Logic.Controller.ExpenseControllerTest" time="0.001"/>
  <testcase name="testGetMemberBalance" classname="Logic.Controller.ExpenseControllerTest" time="0.001"/>
  <testcase name="testGetAllMemberBalancesAsString" classname="Logic.Controller.ExpenseControllerTest" time="0.004"/>
  <testcase name="testGetExpensesAsString" classname="Logic.Controller.ExpenseControllerTest" time="0.002"/>
  <testcase name="testGetAllTransfersAsString" classname="Logic.Controller.ExpenseControllerTest" time="0.002"/>
  <testcase name="testProcessTransfer_MemberTransfer" classname="Logic.Controller.ExpenseControllerTest" time="0.003"/>
  <testcase name="testAddExpense_Multiple" classname="Logic.Controller.ExpenseControllerTest" time="0.001"/>
  <testcase name="testPrintPaymentsToSettleDebts" classname="Logic.Controller.ExpenseControllerTest" time="0.001"/>
  <testcase name="testConstructor" classname="Logic.Controller.ExpenseControllerTest" time="0"/>
  <testcase name="testPaymentsToSettleDebts_TwoPayers" classname="Logic.Controller.ExpenseControllerTest" time="0.001"/>
</testsuite>